Base path: C:/Program Files/Unity/Editor/Data
Cmd: initializeCompiler
Cmd: compileCompute
  api=4 insize=1747 outsize=2341 ok=1
Cmd: compileCompute
  api=4 insize=1747 outsize=2341 ok=1
Cmd: compileSnippet
  api=4 type=0 insize=18391 outsize=1258 kw=SHADOWS_SPLIT_SPHERES SHADOWS_SINGLE_CASCADE pd=UNITY_ENABLE_REFLECTION_BUFFERS UNITY_USE_DITHER_MASK_FOR_ALPHABLENDED_SHADOWS UNITY_PBS_USE_BRDF1 UNITY_SPECCUBE_BOX_PROJECTION UNITY_SPECCUBE_BLENDING UNITY_ENABLE_DETAIL_NORMALMAP SHADER_API_DESKTOP UNITY_COLORSPACE_GAMMA ok=1
Cmd: compileSnippet
  api=4 type=1 insize=18391 outsize=3178 kw=SHADOWS_SPLIT_SPHERES SHADOWS_SINGLE_CASCADE pd=UNITY_ENABLE_REFLECTION_BUFFERS UNITY_USE_DITHER_MASK_FOR_ALPHABLENDED_SHADOWS UNITY_PBS_USE_BRDF1 UNITY_SPECCUBE_BOX_PROJECTION UNITY_SPECCUBE_BLENDING UNITY_ENABLE_DETAIL_NORMALMAP SHADER_API_DESKTOP UNITY_COLORSPACE_GAMMA ok=1
Cmd: compileCompute
  api=4 insize=1747 outsize=2341 ok=1
Cmd: compileCompute
  api=4 insize=2017 outsize=925 ok=1
Cmd: compileCompute
  api=4 insize=1747 outsize=2341 ok=1
Cmd: compileCompute
  api=4 insize=1525 outsize=1485 ok=1
Cmd: compileCompute
  api=4 insize=1528 outsize=1497 ok=1
Cmd: compileCompute
  api=4 insize=1747 outsize=2341 ok=1
Cmd: compileCompute
  api=4 insize=1863 outsize=2341 ok=1
Cmd: compileCompute
  api=4 insize=1866 outsize=2353 ok=1
Cmd: compileCompute
  api=4 insize=1753 outsize=2341 ok=1
Cmd: compileCompute
  api=4 insize=1756 outsize=2353 ok=1
Cmd: compileCompute
  api=4 insize=1759 outsize=2365 ok=1
